app/build/outputs/logs/manifest-merger-debug-report.txt
-- Merging decision tree log ---
manifest
ADDED from src\main\AndroidManifest.xml:2:1-71:12
	package
		ADDED from src\main\AndroidManifest.xml:3:5-27
		INJECTED from src\main\AndroidManifest.xml
		INJECTED from src\main\AndroidManifest.xml
	android:versionName
		INJECTED from src\main\AndroidManifest.xml
		INJECTED from src\main\AndroidManifest.xml
	xmlns:android
		ADDED from src\main\AndroidManifest.xml:2:11-69
	android:versionCode
		INJECTED from src\main\AndroidManifest.xml
		INJECTED from src\main\AndroidManifest.xml
uses-permission#android.permission.INTERNET
ADDED from src\main\AndroidManifest.xml:6:5-67
	android:name
		ADDED from src\main\AndroidManifest.xml:6:22-64
uses-permission#android.permission.READ_PHONE_STATE
ADDED from src\main\AndroidManifest.xml:7:5-75
	android:name
		ADDED from src\main\AndroidManifest.xml:7:22-72
uses-permission#android.permission.ACCESS_NETWORK_STATE
ADDED from src\main\AndroidManifest.xml:8:5-79
MERGED from [:open_ad_sdk:] AndroidManifest.xml:12:5-79
	android:name
		ADDED from src\main\AndroidManifest.xml:8:22-76
uses-permission#android.permission.WRITE_EXTERNAL_STORAGE
ADDED from src\main\AndroidManifest.xml:9:5-81
MERGED from [:open_ad_sdk:] AndroidManifest.xml:13:5-81
	android:name
		ADDED from src\main\AndroidManifest.xml:9:22-78
uses-permission#android.permission.ACCESS_WIFI_STATE
ADDED from src\main\AndroidManifest.xml:10:5-76
	android:name
		ADDED from src\main\AndroidManifest.xml:10:22-73
uses-permission#android.permission.ACCESS_COARSE_LOCATION
ADDED from src\main\AndroidManifest.xml:11:5-81
MERGED from [:open_ad_sdk:] AndroidManifest.xml:18:5-81
	android:name
		ADDED from src\main\AndroidManifest.xml:11:22-78
uses-permission#android.permission.REQUEST_INSTALL_PACKAGES
ADDED from src\main\AndroidManifest.xml:12:5-82
	android:name
		ADDED from src\main\AndroidManifest.xml:12:22-80
uses-permission#android.permission.GET_TASKS
ADDED from src\main\AndroidManifest.xml:13:5-67
	android:name
		ADDED from src\main\AndroidManifest.xml:13:22-65
uses-permission#android.permission.ACCESS_FINE_LOCATION
ADDED from src\main\AndroidManifest.xml:15:5-79
MERGED from [:open_ad_sdk:] AndroidManifest.xml:17:5-79
	android:name
		ADDED from src\main\AndroidManifest.xml:15:22-76
uses-permission#android.permission.WAKE_LOCK
ADDED from src\main\AndroidManifest.xml:18:5-68
	android:name
		ADDED from src\main\AndroidManifest.xml:18:22-65
uses-permission#android.permission.RECEIVE_USER_PRESENT
ADDED from src\main\AndroidManifest.xml:24:5-79
	android:name
		ADDED from src\main\AndroidManifest.xml:24:22-76
uses-permission#android.permission.SYSTEM_ALERT_WINDOW
ADDED from src\main\AndroidManifest.xml:25:5-78
	android:name
		ADDED from src\main\AndroidManifest.xml:25:22-75
uses-permission#android.permission.EXPAND_STATUS_BAR
ADDED from src\main\AndroidManifest.xml:26:5-76
	android:name
		ADDED from src\main\AndroidManifest.xml:26:22-73
application
ADDED from src\main\AndroidManifest.xml:28:5-69:19
MERGED from [:cwsdk-release:] AndroidManifest.xml:11:5-36:19
MERGED from [:open_ad_sdk:] AndroidManifest.xml:20:5-91:19
MERGED from [com.android.support:appcompat-v7:26.0.0-alpha1] AndroidManifest.xml:29:5-20
MERGED from [com.android.support:support-v4:26.0.0-alpha1] AndroidManifest.xml:29:5-20
MERGED from [com.android.support:support-media-compat:26.0.0-alpha1] AndroidManifest.xml:29:5-20
MERGED from [com.android.support:support-fragment:26.0.0-alpha1] AndroidManifest.xml:29:5-20
MERGED from [com.android.support:support-core-ui:26.0.0-alpha1] AndroidManifest.xml:29:5-20
MERGED from [com.android.support:support-core-utils:26.0.0-alpha1] AndroidManifest.xml:29:5-20
MERGED from [com.android.support:animated-vector-drawable:26.0.0-alpha1] AndroidManifest.xml:26:5-20
MERGED from [com.android.support:support-vector-drawable:26.0.0-alpha1] AndroidManifest.xml:26:5-20
MERGED from [com.android.support.constraint:constraint-layout:1.0.2] AndroidManifest.xml:9:5-20
MERGED from [com.android.support:support-compat:26.0.0-alpha1] AndroidManifest.xml:29:5-20
	android:label
		ADDED from src\main\AndroidManifest.xml:32:9-41
	android:supportsRtl
		ADDED from src\main\AndroidManifest.xml:33:9-35
	android:allowBackup
		ADDED from src\main\AndroidManifest.xml:30:9-35
	android:icon
		ADDED from src\main\AndroidManifest.xml:31:9-43
	android:theme
		ADDED from src\main\AndroidManifest.xml:34:9-40
	android:name
		ADDED from src\main\AndroidManifest.xml:29:9-40
activity#demo.cwsdktt.MainActivity
ADDED from src\main\AndroidManifest.xml:35:9-41:20
	android:screenOrientation
		ADDED from src\main\AndroidManifest.xml:35:48-84
	android:name
		ADDED from src\main\AndroidManifest.xml:35:19-47
intent-filter#android.intent.action.MAIN+android.intent.category.LAUNCHER
ADDED from src\main\AndroidManifest.xml:36:13-40:29
action#android.intent.action.MAIN
ADDED from src\main\AndroidManifest.xml:37:17-69
	android:name
		ADDED from src\main\AndroidManifest.xml:37:25-66
category#android.intent.category.LAUNCHER
ADDED from src\main\AndroidManifest.xml:39:17-77
	android:name
		ADDED from src\main\AndroidManifest.xml:39:27-74
activity#demo.cwsdktt.SplashActivity
ADDED from src\main\AndroidManifest.xml:43:9-45:20
	android:screenOrientation
		ADDED from src\main\AndroidManifest.xml:43:50-86
	android:name
		ADDED from src\main\AndroidManifest.xml:43:19-49
provider#com.bytedance.sdk.openadsdk.TTFileProvider
ADDED from src\main\AndroidManifest.xml:54:9-62:20
	android:authorities
		ADDED from src\main\AndroidManifest.xml:56:13-66
		INJECTED from src\main\AndroidManifest.xml
	android:grantUriPermissions
		ADDED from src\main\AndroidManifest.xml:58:13-47
	android:exported
		ADDED from src\main\AndroidManifest.xml:57:13-37
	android:name
		ADDED from src\main\AndroidManifest.xml:55:13-70
meta-data#android.support.FILE_PROVIDER_PATHS
ADDED from src\main\AndroidManifest.xml:59:13-61:54
	android:resource
		ADDED from src\main\AndroidManifest.xml:61:17-51
	android:name
		ADDED from src\main\AndroidManifest.xml:60:17-67
provider#com.bytedance.sdk.openadsdk.multipro.TTMultiProvider
ADDED from src\main\AndroidManifest.xml:64:9-67:40
	android:authorities
		ADDED from src\main\AndroidManifest.xml:66:13-67
		INJECTED from src\main\AndroidManifest.xml
	android:exported
		ADDED from src\main\AndroidManifest.xml:67:13-37
	android:name
		ADDED from src\main\AndroidManifest.xml:65:13-80
uses-sdk
INJECTED from src\main\AndroidManifest.xml reason: use-sdk injection requested
MERGED from [:cwsdk-release:] AndroidManifest.xml:7:5-9:41
MERGED from [:open_ad_sdk:] AndroidManifest.xml:7:5-10:591
MERGED from [com.android.support:appcompat-v7:26.0.0-alpha1] AndroidManifest.xml:21:5-23:78
MERGED from [com.android.support:support-v4:26.0.0-alpha1] AndroidManifest.xml:21:5-23:54
MERGED from [com.android.support:support-media-compat:26.0.0-alpha1] AndroidManifest.xml:21:5-23:63
MERGED from [com.android.support:support-fragment:26.0.0-alpha1] AndroidManifest.xml:21:5-23:60
MERGED from [com.android.support:support-core-ui:26.0.0-alpha1] AndroidManifest.xml:21:5-23:58
MERGED from [com.android.support:support-core-utils:26.0.0-alpha1] AndroidManifest.xml:21:5-23:61
MERGED from [com.android.support:animated-vector-drawable:26.0.0-alpha1] AndroidManifest.xml:20:5-44
MERGED from [com.android.support:support-vector-drawable:26.0.0-alpha1] AndroidManifest.xml:20:5-44
MERGED from [com.android.support.constraint:constraint-layout:1.0.2] AndroidManifest.xml:5:5-7:41
MERGED from [com.jakewharton:butterknife:8.5.1] AndroidManifest.xml:5:5-43
MERGED from [com.android.support:support-compat:26.0.0-alpha1] AndroidManifest.xml:21:5-23:58
MERGED from [pl.droidsonroids.gif:android-gif-drawable:1.2.6] AndroidManifest.xml:7:5-9:41
	tools:overrideLibrary
		ADDED from [:open_ad_sdk:] AndroidManifest.xml:10:9-588
	android:targetSdkVersion
		INJECTED from src\main\AndroidManifest.xml
		INJECTED from src\main\AndroidManifest.xml
	android:minSdkVersion
		INJECTED from src\main\AndroidManifest.xml
		INJECTED from src\main\AndroidManifest.xml
activity#com.xdad.AActivity
ADDED from [:cwsdk-release:] AndroidManifest.xml:15:9-19:75
	android:screenOrientation
		ADDED from [:cwsdk-release:] AndroidManifest.xml:18:13-49
	android:configChanges
		ADDED from [:cwsdk-release:] AndroidManifest.xml:17:13-83
	android:theme
		ADDED from [:cwsdk-release:] AndroidManifest.xml:19:13-72
	android:name
		ADDED from [:cwsdk-release:] AndroidManifest.xml:16:13-46
service#com.qq.e.comm.DownloadService
ADDED from [:cwsdk-release:] AndroidManifest.xml:21:9-23:40
	android:exported
		ADDED from [:cwsdk-release:] AndroidManifest.xml:23:13-37
	android:name
		ADDED from [:cwsdk-release:] AndroidManifest.xml:22:13-57
activity#com.qq.e.ads.ADActivity
ADDED from [:cwsdk-release:] AndroidManifest.xml:25:9-27:86
	android:configChanges
		ADDED from [:cwsdk-release:] AndroidManifest.xml:27:13-83
	android:name
		ADDED from [:cwsdk-release:] AndroidManifest.xml:26:13-51
activity#com.qq.e.ads.PortraitADActivity
ADDED from [:cwsdk-release:] AndroidManifest.xml:28:9-31:52
	android:screenOrientation
		ADDED from [:cwsdk-release:] AndroidManifest.xml:31:13-49
	android:configChanges
		ADDED from [:cwsdk-release:] AndroidManifest.xml:30:13-83
	android:name
		ADDED from [:cwsdk-release:] AndroidManifest.xml:29:13-59
activity#com.qq.e.ads.LandscapeADActivity
ADDED from [:cwsdk-release:] AndroidManifest.xml:32:9-35:53
	android:screenOrientation
		ADDED from [:cwsdk-release:] AndroidManifest.xml:35:13-50
	android:configChanges
		ADDED from [:cwsdk-release:] AndroidManifest.xml:34:13-83
	android:name
		ADDED from [:cwsdk-release:] AndroidManifest.xml:33:13-60
android:uses-permission#android.permission.READ_EXTERNAL_STORAGE
ADDED from [:open_ad_sdk:] AndroidManifest.xml:15:5-88
	android:name
		ADDED from [:open_ad_sdk:] AndroidManifest.xml:15:30-85
activity#com.bytedance.sdk.openadsdk.activity.TTLandingPageActivity
ADDED from [:open_ad_sdk:] AndroidManifest.xml:25:9-28:47
	android:launchMode
		ADDED from [:open_ad_sdk:] AndroidManifest.xml:28:13-44
	android:configChanges
		ADDED from [:open_ad_sdk:] AndroidManifest.xml:27:13-74
	android:name
		ADDED from [:open_ad_sdk:] AndroidManifest.xml:26:13-86
activity#com.bytedance.sdk.openadsdk.activity.TTVideoLandingPageActivity
ADDED from [:open_ad_sdk:] AndroidManifest.xml:29:9-32:47
	android:launchMode
		ADDED from [:open_ad_sdk:] AndroidManifest.xml:32:13-44
	android:configChanges
		ADDED from [:open_ad_sdk:] AndroidManifest.xml:31:13-74
	android:name
		ADDED from [:open_ad_sdk:] AndroidManifest.xml:30:13-91
activity#com.bytedance.sdk.openadsdk.activity.TTRewardVideoActivity
ADDED from [:open_ad_sdk:] AndroidManifest.xml:33:9-36:47
	android:launchMode
		ADDED from [:open_ad_sdk:] AndroidManifest.xml:36:13-44
	android:configChanges
		ADDED from [:open_ad_sdk:] AndroidManifest.xml:35:13-74
	android:name
		ADDED from [:open_ad_sdk:] AndroidManifest.xml:34:13-86
activity#com.bytedance.sdk.openadsdk.activity.TTFullScreenVideoActivity
ADDED from [:open_ad_sdk:] AndroidManifest.xml:37:9-40:47
	android:launchMode
		ADDED from [:open_ad_sdk:] AndroidManifest.xml:40:13-44
	android:configChanges
		ADDED from [:open_ad_sdk:] AndroidManifest.xml:39:13-74
	android:name
		ADDED from [:open_ad_sdk:] AndroidManifest.xml:38:13-90
activity#com.bytedance.sdk.openadsdk.activity.TTDelegateActivity
ADDED from [:open_ad_sdk:] AndroidManifest.xml:41:9-44:75
	android:launchMode
		ADDED from [:open_ad_sdk:] AndroidManifest.xml:43:13-44
	android:theme
		ADDED from [:open_ad_sdk:] AndroidManifest.xml:44:13-72
	android:name
		ADDED from [:open_ad_sdk:] AndroidManifest.xml:42:13-83
service#com.bytedance.sdk.openadsdk.multipro.aidl.BinderPoolService
ADDED from [:open_ad_sdk:] AndroidManifest.xml:46:9-95
	android:name
		ADDED from [:open_ad_sdk:] AndroidManifest.xml:46:18-92
service#com.ss.android.socialbase.downloader.notification.DownloadNotificationService
ADDED from [:open_ad_sdk:] AndroidManifest.xml:47:9-113
	android:name
		ADDED from [:open_ad_sdk:] AndroidManifest.xml:47:18-110
service#com.ss.android.socialbase.downloader.downloader.DownloadService
ADDED from [:open_ad_sdk:] AndroidManifest.xml:48:9-99
	android:name
		ADDED from [:open_ad_sdk:] AndroidManifest.xml:48:18-96
service#com.ss.android.socialbase.downloader.downloader.IndependentProcessDownloadService
ADDED from [:open_ad_sdk:] AndroidManifest.xml:49:9-55:19
	android:process
		ADDED from [:open_ad_sdk:] AndroidManifest.xml:51:13-42
	android:name
		ADDED from [:open_ad_sdk:] AndroidManifest.xml:50:13-109
intent-filter#com.ss.android.socialbase.downloader.remote
ADDED from [:open_ad_sdk:] AndroidManifest.xml:52:13-54:29
action#com.ss.android.socialbase.downloader.remote
ADDED from [:open_ad_sdk:] AndroidManifest.xml:53:17-86
	android:name
		ADDED from [:open_ad_sdk:] AndroidManifest.xml:53:25-83
service#com.ss.android.socialbase.downloader.impls.DownloadHandleService
ADDED from [:open_ad_sdk:] AndroidManifest.xml:56:9-100
	android:name
		ADDED from [:open_ad_sdk:] AndroidManifest.xml:56:18-97
service#com.ss.android.socialbase.appdownloader.AppDownloadHandleService
ADDED from [:open_ad_sdk:] AndroidManifest.xml:57:9-100
	android:name
		ADDED from [:open_ad_sdk:] AndroidManifest.xml:57:18-97
activity#com.ss.android.socialbase.appdownloader.view.DownloadSizeLimitActivity
ADDED from [:open_ad_sdk:] AndroidManifest.xml:73:9-76:59
	android:launchMode
		ADDED from [:open_ad_sdk:] AndroidManifest.xml:75:13-44
	android:theme
		ADDED from [:open_ad_sdk:] AndroidManifest.xml:76:13-56
	android:name
		ADDED from [:open_ad_sdk:] AndroidManifest.xml:74:13-98
activity#com.ss.android.socialbase.appdownloader.view.DownloadTaskDeleteActivity
ADDED from [:open_ad_sdk:] AndroidManifest.xml:77:9-80:59
	android:launchMode
		ADDED from [:open_ad_sdk:] AndroidManifest.xml:79:13-44
	android:theme
		ADDED from [:open_ad_sdk:] AndroidManifest.xml:80:13-56
	android:name
		ADDED from [:open_ad_sdk:] AndroidManifest.xml:78:13-99
activity#com.ss.android.downloadlib.activity.InteractionMiddleActivity
ADDED from [:open_ad_sdk:] AndroidManifest.xml:81:9-83:45
	android:launchMode
		ADDED from [:open_ad_sdk:] AndroidManifest.xml:83:13-42
	android:name
		ADDED from [:open_ad_sdk:] AndroidManifest.xml:82:13-89
receiver#com.ss.android.downloadlib.core.download.DownloadReceiver
ADDED from [:open_ad_sdk:] AndroidManifest.xml:85:9-94
	android:name
		ADDED from [:open_ad_sdk:] AndroidManifest.xml:85:19-91
service#com.ss.sys.ces.ClientService
ADDED from [:open_ad_sdk:] AndroidManifest.xml:87:9-90:39
	android:enabled
		ADDED from [:open_ad_sdk:] AndroidManifest.xml:89:13-35
	android:exported
		ADDED from [:open_ad_sdk:] AndroidManifest.xml:90:13-36
	android:name
		ADDED from [:open_ad_sdk:] AndroidManifest.xml:88:13-56
meta-data#android.support.VERSION
ADDED from [com.android.support:appcompat-v7:26.0.0-alpha1] AndroidManifest.xml:25:5-27:41
MERGED from [com.android.support:support-v4:26.0.0-alpha1] AndroidManifest.xml:25:5-27:41
MERGED from [com.android.support:support-media-compat:26.0.0-alpha1] AndroidManifest.xml:25:5-27:41
MERGED from [com.android.support:support-fragment:26.0.0-alpha1] AndroidManifest.xml:25:5-27:41
MERGED from [com.android.support:support-core-ui:26.0.0-alpha1] AndroidManifest.xml:25:5-27:41
MERGED from [com.android.support:support-core-utils:26.0.0-alpha1] AndroidManifest.xml:25:5-27:41
MERGED from [com.android.support:animated-vector-drawable:26.0.0-alpha1] AndroidManifest.xml:22:5-24:41
MERGED from [com.android.support:support-vector-drawable:26.0.0-alpha1] AndroidManifest.xml:22:5-24:41
MERGED from [com.android.support:support-compat:26.0.0-alpha1] AndroidManifest.xml:25:5-27:41
	android:value
		ADDED from [com.android.support:appcompat-v7:26.0.0-alpha1] AndroidManifest.xml:27:9-38
	android:name
		ADDED from [com.android.support:appcompat-v7:26.0.0-alpha1] AndroidManifest.xml:26:9-47